<?xml version="1.0" encoding="UTF-8"?>
<robot generator="Robot 6.0.2 (Python 3.11.1 on win32)" generated="20230608 16:17:09.784" rpa="false" schemaversion="3">
<suite id="s1" name="Demo" source="D:\College_BoisDeBoulgone_Assurance_Qualite_logiciell_Groupe1247\Cours_cohorte_Groupe_1247\Session_3_Ete_2023\TECHNIQUES_DAUTOMATISATION_DE_TESTS I_L14\Labs_L14\RobotFrameWork_Projet_2\Test_Cases\demo.robot">
<test id="s1-t1" name="tc01 login_test" line="14">
<kw name="se connecter au site demo Orange" library="ressources1">
<kw name="Open Browser" library="SeleniumLibrary">
<arg>${url}</arg>
<arg>${browser}</arg>
<doc>Opens a new browser instance to the optional ``url``.</doc>
<msg timestamp="20230608 16:17:10.032" level="INFO">Opening browser 'chrome' to base url 'https://opensource-demo.orangehrmlive.com/web/index.php/auth/login'.</msg>
<status status="PASS" starttime="20230608 16:17:10.031" endtime="20230608 16:17:13.558"/>
</kw>
<kw name="Maximize Browser Window" library="SeleniumLibrary">
<doc>Maximizes current browser window.</doc>
<status status="PASS" starttime="20230608 16:17:13.558" endtime="20230608 16:17:13.685"/>
</kw>
<kw name="Sleep" library="BuiltIn">
<arg>4</arg>
<doc>Pauses the test executed for the given time.</doc>
<msg timestamp="20230608 16:17:17.685" level="INFO">Slept 4 seconds</msg>
<status status="PASS" starttime="20230608 16:17:13.685" endtime="20230608 16:17:17.685"/>
</kw>
<status status="PASS" starttime="20230608 16:17:10.031" endtime="20230608 16:17:17.685"/>
</kw>
<kw name="remplir le formulaire de login" library="ressources1">
<kw name="Clear Element Text" library="SeleniumLibrary">
<arg>name:username</arg>
<doc>Clears the value of the text-input-element identified by ``locator``.</doc>
<status status="PASS" starttime="20230608 16:17:17.685" endtime="20230608 16:17:17.745"/>
</kw>
<kw name="Input Text" library="SeleniumLibrary">
<arg>name:username</arg>
<arg>${username}</arg>
<doc>Types the given ``text`` into the text field identified by ``locator``.</doc>
<msg timestamp="20230608 16:17:17.746" level="INFO">Typing text 'Admin' into text field 'name:username'.</msg>
<status status="PASS" starttime="20230608 16:17:17.745" endtime="20230608 16:17:17.837"/>
</kw>
<kw name="Clear Element Text" library="SeleniumLibrary">
<arg>name:password</arg>
<doc>Clears the value of the text-input-element identified by ``locator``.</doc>
<status status="PASS" starttime="20230608 16:17:17.837" endtime="20230608 16:17:17.876"/>
</kw>
<kw name="Input Password" library="SeleniumLibrary">
<arg>name:password</arg>
<arg>${password}</arg>
<doc>Types the given password into the text field identified by ``locator``.</doc>
<msg timestamp="20230608 16:17:17.877" level="INFO">Typing password into text field 'name:password'.</msg>
<msg timestamp="20230608 16:17:17.913" level="INFO">Temporally setting log level to: NONE</msg>
<msg timestamp="20230608 16:17:18.006" level="INFO">Log level changed from NONE to INFO.</msg>
<status status="PASS" starttime="20230608 16:17:17.876" endtime="20230608 16:17:18.006"/>
</kw>
<kw name="Click Button" library="SeleniumLibrary">
<arg>xpath://button[@type='submit']</arg>
<doc>Clicks the button identified by ``locator``.</doc>
<msg timestamp="20230608 16:17:18.007" level="INFO">Clicking button 'xpath://button[@type='submit']'.</msg>
<status status="PASS" starttime="20230608 16:17:18.007" endtime="20230608 16:17:18.095"/>
</kw>
<kw name="Sleep" library="BuiltIn">
<arg>2</arg>
<doc>Pauses the test executed for the given time.</doc>
<msg timestamp="20230608 16:17:20.095" level="INFO">Slept 2 seconds</msg>
<status status="PASS" starttime="20230608 16:17:18.095" endtime="20230608 16:17:20.095"/>
</kw>
<status status="PASS" starttime="20230608 16:17:17.685" endtime="20230608 16:17:20.095"/>
</kw>
<kw name="valider l'affichage de la page d'accueil" library="ressources1">
<kw name="Page Should Contain" library="SeleniumLibrary">
<arg>Dashboard</arg>
<doc>Verifies that current page contains ``text``.</doc>
<msg timestamp="20230608 16:17:20.116" level="INFO">Current page contains text 'Dashboard'.</msg>
<status status="PASS" starttime="20230608 16:17:20.096" endtime="20230608 16:17:20.116"/>
</kw>
<kw name="Sleep" library="BuiltIn">
<arg>2</arg>
<doc>Pauses the test executed for the given time.</doc>
<msg timestamp="20230608 16:17:22.117" level="INFO">Slept 2 seconds</msg>
<status status="PASS" starttime="20230608 16:17:20.117" endtime="20230608 16:17:22.117"/>
</kw>
<status status="PASS" starttime="20230608 16:17:20.095" endtime="20230608 16:17:22.118"/>
</kw>
<kw name="fermer le navigateur" library="ressources1">
<kw name="Sleep" library="BuiltIn">
<arg>2</arg>
<doc>Pauses the test executed for the given time.</doc>
<msg timestamp="20230608 16:17:24.120" level="INFO">Slept 2 seconds</msg>
<status status="PASS" starttime="20230608 16:17:22.118" endtime="20230608 16:17:24.120"/>
</kw>
<kw name="Close Browser" library="SeleniumLibrary">
<doc>Closes the current browser.</doc>
<status status="PASS" starttime="20230608 16:17:24.120" endtime="20230608 16:17:26.321"/>
</kw>
<status status="PASS" starttime="20230608 16:17:22.118" endtime="20230608 16:17:26.322"/>
</kw>
<doc>Ce test est pour tester la fonctionnalité login
Tester le happy path ou le sunny day = scénario nominal</doc>
<status status="PASS" starttime="20230608 16:17:10.030" endtime="20230608 16:17:26.323"/>
</test>
<test id="s1-t2" name="tc02 logout_test" line="22">
<kw name="se connecter au site demo Orange" library="ressources1">
<kw name="Open Browser" library="SeleniumLibrary">
<arg>${url}</arg>
<arg>${browser}</arg>
<doc>Opens a new browser instance to the optional ``url``.</doc>
<msg timestamp="20230608 16:17:26.328" level="INFO">Opening browser 'chrome' to base url 'https://opensource-demo.orangehrmlive.com/web/index.php/auth/login'.</msg>
<status status="PASS" starttime="20230608 16:17:26.328" endtime="20230608 16:17:29.718"/>
</kw>
<kw name="Maximize Browser Window" library="SeleniumLibrary">
<doc>Maximizes current browser window.</doc>
<status status="PASS" starttime="20230608 16:17:29.718" endtime="20230608 16:17:29.845"/>
</kw>
<kw name="Sleep" library="BuiltIn">
<arg>4</arg>
<doc>Pauses the test executed for the given time.</doc>
<msg timestamp="20230608 16:17:33.846" level="INFO">Slept 4 seconds</msg>
<status status="PASS" starttime="20230608 16:17:29.845" endtime="20230608 16:17:33.846"/>
</kw>
<status status="PASS" starttime="20230608 16:17:26.327" endtime="20230608 16:17:33.846"/>
</kw>
<kw name="remplir le formulaire de login" library="ressources1">
<kw name="Clear Element Text" library="SeleniumLibrary">
<arg>name:username</arg>
<doc>Clears the value of the text-input-element identified by ``locator``.</doc>
<status status="PASS" starttime="20230608 16:17:33.846" endtime="20230608 16:17:33.902"/>
</kw>
<kw name="Input Text" library="SeleniumLibrary">
<arg>name:username</arg>
<arg>${username}</arg>
<doc>Types the given ``text`` into the text field identified by ``locator``.</doc>
<msg timestamp="20230608 16:17:33.902" level="INFO">Typing text 'Admin' into text field 'name:username'.</msg>
<status status="PASS" starttime="20230608 16:17:33.902" endtime="20230608 16:17:33.978"/>
</kw>
<kw name="Clear Element Text" library="SeleniumLibrary">
<arg>name:password</arg>
<doc>Clears the value of the text-input-element identified by ``locator``.</doc>
<status status="PASS" starttime="20230608 16:17:33.978" endtime="20230608 16:17:34.018"/>
</kw>
<kw name="Input Password" library="SeleniumLibrary">
<arg>name:password</arg>
<arg>${password}</arg>
<doc>Types the given password into the text field identified by ``locator``.</doc>
<msg timestamp="20230608 16:17:34.019" level="INFO">Typing password into text field 'name:password'.</msg>
<msg timestamp="20230608 16:17:34.053" level="INFO">Temporally setting log level to: NONE</msg>
<msg timestamp="20230608 16:17:34.126" level="INFO">Log level changed from NONE to INFO.</msg>
<status status="PASS" starttime="20230608 16:17:34.019" endtime="20230608 16:17:34.126"/>
</kw>
<kw name="Click Button" library="SeleniumLibrary">
<arg>xpath://button[@type='submit']</arg>
<doc>Clicks the button identified by ``locator``.</doc>
<msg timestamp="20230608 16:17:34.126" level="INFO">Clicking button 'xpath://button[@type='submit']'.</msg>
<status status="PASS" starttime="20230608 16:17:34.126" endtime="20230608 16:17:34.207"/>
</kw>
<kw name="Sleep" library="BuiltIn">
<arg>2</arg>
<doc>Pauses the test executed for the given time.</doc>
<msg timestamp="20230608 16:17:36.208" level="INFO">Slept 2 seconds</msg>
<status status="PASS" starttime="20230608 16:17:34.208" endtime="20230608 16:17:36.208"/>
</kw>
<status status="PASS" starttime="20230608 16:17:33.846" endtime="20230608 16:17:36.208"/>
</kw>
<kw name="valider l'affichage de la page d'accueil" library="ressources1">
<kw name="Page Should Contain" library="SeleniumLibrary">
<arg>Dashboard</arg>
<doc>Verifies that current page contains ``text``.</doc>
<msg timestamp="20230608 16:17:36.231" level="INFO">Current page contains text 'Dashboard'.</msg>
<status status="PASS" starttime="20230608 16:17:36.209" endtime="20230608 16:17:36.231"/>
</kw>
<kw name="Sleep" library="BuiltIn">
<arg>2</arg>
<doc>Pauses the test executed for the given time.</doc>
<msg timestamp="20230608 16:17:38.232" level="INFO">Slept 2 seconds</msg>
<status status="PASS" starttime="20230608 16:17:36.232" endtime="20230608 16:17:38.232"/>
</kw>
<status status="PASS" starttime="20230608 16:17:36.209" endtime="20230608 16:17:38.233"/>
</kw>
<kw name="se déconnecter de l'application Orange demo" library="ressources1">
<kw name="Click Image" library="SeleniumLibrary">
<arg>xpath:(//img[@alt='profile picture'])[1]</arg>
<doc>Clicks an image identified by ``locator``.</doc>
<msg timestamp="20230608 16:17:38.236" level="INFO">Clicking image 'xpath:(//img[@alt='profile picture'])[1]'.</msg>
<status status="PASS" starttime="20230608 16:17:38.235" endtime="20230608 16:17:38.302"/>
</kw>
<kw name="Sleep" library="BuiltIn">
<arg>2</arg>
<doc>Pauses the test executed for the given time.</doc>
<msg timestamp="20230608 16:17:40.303" level="INFO">Slept 2 seconds</msg>
<status status="PASS" starttime="20230608 16:17:38.302" endtime="20230608 16:17:40.303"/>
</kw>
<kw name="Click Link" library="SeleniumLibrary">
<arg>link:Logout</arg>
<doc>Clicks a link identified by ``locator``.</doc>
<msg timestamp="20230608 16:17:40.305" level="INFO">Clicking link 'link:Logout'.</msg>
<status status="PASS" starttime="20230608 16:17:40.303" endtime="20230608 16:17:40.977"/>
</kw>
<status status="PASS" starttime="20230608 16:17:38.234" endtime="20230608 16:17:40.978"/>
</kw>
<kw name="fermer le navigateur" library="ressources1">
<kw name="Sleep" library="BuiltIn">
<arg>2</arg>
<doc>Pauses the test executed for the given time.</doc>
<msg timestamp="20230608 16:17:42.980" level="INFO">Slept 2 seconds</msg>
<status status="PASS" starttime="20230608 16:17:40.979" endtime="20230608 16:17:42.980"/>
</kw>
<kw name="Close Browser" library="SeleniumLibrary">
<doc>Closes the current browser.</doc>
<status status="PASS" starttime="20230608 16:17:42.980" endtime="20230608 16:17:45.115"/>
</kw>
<status status="PASS" starttime="20230608 16:17:40.979" endtime="20230608 16:17:45.115"/>
</kw>
<status status="PASS" starttime="20230608 16:17:26.326" endtime="20230608 16:17:45.116"/>
</test>
<doc>Ma première suite de tests avec RobotFramework
Ceci est un exemple de documentation
****************************************************************</doc>
<status status="PASS" starttime="20230608 16:17:09.789" endtime="20230608 16:17:45.118"/>
</suite>
<statistics>
<total>
<stat pass="2" fail="0" skip="0">All Tests</stat>
</total>
<tag>
</tag>
<suite>
<stat pass="2" fail="0" skip="0" id="s1" name="Demo">Demo</stat>
</suite>
</statistics>
<errors>
</errors>
</robot>
